{"level":"info","message":"Hello from Acquisitions!","service":"acquisitions-api","timestamp":"2025-09-17T12:56:30.342Z"}
{"level":"info","message":"::1 - - [17/Sep/2025:12:56:30 +0000] \"GET / HTTP/1.1\" 304 - \"-\" \"Mozilla/5.0 (Macintosh; Intel Mac OS X 10_15_7) AppleWebKit/537.36 (KHTML, like Gecko) Chrome/140.0.0.0 Safari/537.36\"","service":"acquisitions-api","timestamp":"2025-09-17T12:56:30.391Z"}
{"level":"info","message":"Hello from Acquisitions!","service":"acquisitions-api","timestamp":"2025-09-17T13:03:47.331Z"}
{"level":"info","message":"::1 - - [17/Sep/2025:13:03:47 +0000] \"GET / HTTP/1.1\" 304 - \"-\" \"Mozilla/5.0 (Macintosh; Intel Mac OS X 10_15_7) AppleWebKit/537.36 (KHTML, like Gecko) Chrome/140.0.0.0 Safari/537.36\"","service":"acquisitions-api","timestamp":"2025-09-17T13:03:47.384Z"}
{"level":"info","message":"::1 - - [17/Sep/2025:13:09:50 +0000] \"GET /health HTTP/1.1\" 200 76 \"-\" \"PostmanRuntime/7.46.1\"","service":"acquisitions-api","timestamp":"2025-09-17T13:09:50.851Z"}
{"level":"info","message":"Hello from Acquisitions!","service":"acquisitions-api","timestamp":"2025-09-17T13:10:44.402Z"}
{"level":"info","message":"::1 - - [17/Sep/2025:13:10:44 +0000] \"GET / HTTP/1.1\" 200 24 \"-\" \"PostmanRuntime/7.46.1\"","service":"acquisitions-api","timestamp":"2025-09-17T13:10:44.404Z"}
{"level":"info","message":"::1 - - [17/Sep/2025:13:11:30 +0000] \"POST /api/ HTTP/1.1\" 404 144 \"-\" \"PostmanRuntime/7.46.1\"","service":"acquisitions-api","timestamp":"2025-09-17T13:11:30.856Z"}
{"level":"info","message":"::1 - - [17/Sep/2025:13:13:29 +0000] \"POST /api/auth/sign-out HTTP/1.1\" 200 32 \"-\" \"PostmanRuntime/7.46.1\"","service":"acquisitions-api","timestamp":"2025-09-17T13:13:29.825Z"}
{"level":"info","message":"::1 - - [17/Sep/2025:13:13:33 +0000] \"POST /api/auth/sign-up HTTP/1.1\" 200 31 \"-\" \"PostmanRuntime/7.46.1\"","service":"acquisitions-api","timestamp":"2025-09-17T13:13:33.551Z"}
{"level":"info","message":"::1 - - [17/Sep/2025:13:13:36 +0000] \"POST /api/auth/sign-in HTTP/1.1\" 200 31 \"-\" \"PostmanRuntime/7.46.1\"","service":"acquisitions-api","timestamp":"2025-09-17T13:13:36.612Z"}
{"level":"info","message":"::1 - - [17/Sep/2025:13:14:33 +0000] \"GET /health HTTP/1.1\" 200 76 \"-\" \"PostmanRuntime/7.46.1\"","service":"acquisitions-api","timestamp":"2025-09-17T13:14:33.249Z"}
{"level":"info","message":"::1 - - [17/Sep/2025:13:14:47 +0000] \"GET /api/ HTTP/1.1\" 200 41 \"-\" \"PostmanRuntime/7.46.1\"","service":"acquisitions-api","timestamp":"2025-09-17T13:14:47.633Z"}
{"level":"info","message":"::1 - - [17/Sep/2025:13:48:39 +0000] \"POST /api/auth/sign-up HTTP/1.1\" 400 92 \"-\" \"PostmanRuntime/7.46.1\"","service":"acquisitions-api","timestamp":"2025-09-17T13:48:39.891Z"}
{"level":"info","message":"::1 - - [17/Sep/2025:13:50:33 +0000] \"POST /api/auth/sign-up HTTP/1.1\" 400 92 \"-\" \"PostmanRuntime/7.46.1\"","service":"acquisitions-api","timestamp":"2025-09-17T13:50:33.294Z"}
{"level":"info","message":"::1 - - [17/Sep/2025:13:50:47 +0000] \"POST /api/auth/sign-up HTTP/1.1\" 400 92 \"-\" \"PostmanRuntime/7.46.1\"","service":"acquisitions-api","timestamp":"2025-09-17T13:50:47.033Z"}
{"level":"info","message":"::1 - - [17/Sep/2025:13:50:53 +0000] \"POST /api/auth/sign-up HTTP/1.1\" 400 92 \"-\" \"PostmanRuntime/7.46.1\"","service":"acquisitions-api","timestamp":"2025-09-17T13:50:53.704Z"}
{"level":"info","message":"::1 - - [17/Sep/2025:13:51:48 +0000] \"POST /api/auth/sign-up HTTP/1.1\" 400 92 \"-\" \"PostmanRuntime/7.46.1\"","service":"acquisitions-api","timestamp":"2025-09-17T13:51:48.673Z"}
{"level":"info","message":"::1 - - [17/Sep/2025:13:51:54 +0000] \"POST /api/auth/sign-up HTTP/1.1\" 400 92 \"-\" \"PostmanRuntime/7.46.1\"","service":"acquisitions-api","timestamp":"2025-09-17T13:51:54.553Z"}
{"level":"info","message":"::1 - - [17/Sep/2025:13:52:05 +0000] \"POST /api/auth/sign-up HTTP/1.1\" 400 92 \"-\" \"PostmanRuntime/7.46.1\"","service":"acquisitions-api","timestamp":"2025-09-17T13:52:05.208Z"}
{"level":"info","message":"User registered successfully: john.syna@example.com","service":"acquisitions-api","timestamp":"2025-09-17T13:52:23.251Z"}
{"level":"info","message":"::1 - - [17/Sep/2025:13:52:23 +0000] \"POST /api/auth/sign-up HTTP/1.1\" 201 123 \"-\" \"PostmanRuntime/7.46.1\"","service":"acquisitions-api","timestamp":"2025-09-17T13:52:23.252Z"}
{"level":"info","message":"User created with email: admin@example.com","service":"acquisitions-api","timestamp":"2025-09-17T14:13:53.753Z"}
{"level":"info","message":"User registered successfully: admin@example.com","service":"acquisitions-api","timestamp":"2025-09-17T14:13:53.761Z"}
{"level":"info","message":"::1 - - [17/Sep/2025:14:13:53 +0000] \"POST /api/auth/sign-up HTTP/1.1\" 201 116 \"-\" \"PostmanRuntime/7.46.1\"","service":"acquisitions-api","timestamp":"2025-09-17T14:13:53.769Z"}
{"level":"info","message":"User created with email: admin@example.pro","service":"acquisitions-api","timestamp":"2025-09-17T14:14:32.298Z"}
{"level":"info","message":"User registered successfully: admin@example.pro","service":"acquisitions-api","timestamp":"2025-09-17T14:14:32.301Z"}
{"level":"info","message":"::1 - - [17/Sep/2025:14:14:32 +0000] \"POST /api/auth/sign-up HTTP/1.1\" 201 115 \"-\" \"PostmanRuntime/7.46.1\"","service":"acquisitions-api","timestamp":"2025-09-17T14:14:32.303Z"}
{"level":"info","message":"::1 - - [17/Sep/2025:14:39:25 +0000] \"POST /api/auth/sign-in HTTP/1.1\" 400 92 \"-\" \"PostmanRuntime/7.46.1\"","service":"acquisitions-api","timestamp":"2025-09-17T14:39:25.223Z"}
{"level":"error","message":"Signin error Cannot read properties of undefined (reading 'id')","service":"acquisitions-api","stack":"TypeError: Cannot read properties of undefined (reading 'id')\n    at signIn (file:///Users/dimon/projects/acquisitions/src/controllers/auth.controller.js:74:16)","timestamp":"2025-09-17T14:41:10.193Z"}
{"level":"info","message":"::1 - - [17/Sep/2025:14:41:10 +0000] \"POST /api/auth/sign-in HTTP/1.1\" 500 308 \"-\" \"PostmanRuntime/7.46.1\"","service":"acquisitions-api","timestamp":"2025-09-17T14:41:10.199Z"}
{"level":"error","message":"Signin error Cannot read properties of undefined (reading 'id')","service":"acquisitions-api","stack":"TypeError: Cannot read properties of undefined (reading 'id')\n    at signIn (file:///Users/dimon/projects/acquisitions/src/controllers/auth.controller.js:73:16)","timestamp":"2025-09-17T14:42:07.939Z"}
{"level":"info","message":"::1 - - [17/Sep/2025:14:42:07 +0000] \"POST /api/auth/sign-in HTTP/1.1\" 500 308 \"-\" \"PostmanRuntime/7.46.1\"","service":"acquisitions-api","timestamp":"2025-09-17T14:42:07.948Z"}
{"level":"info","message":"User signed in successfully: admin@example.pro","service":"acquisitions-api","timestamp":"2025-09-17T15:05:40.890Z"}
{"level":"info","message":"::1 - - [17/Sep/2025:15:05:40 +0000] \"POST /api/auth/sign-in HTTP/1.1\" 200 114 \"-\" \"PostmanRuntime/7.46.1\"","service":"acquisitions-api","timestamp":"2025-09-17T15:05:40.899Z"}
{"level":"info","message":"User signed in successfully: admin@example.pro","service":"acquisitions-api","timestamp":"2025-09-17T15:06:20.235Z"}
{"level":"info","message":"::1 - - [17/Sep/2025:15:06:20 +0000] \"POST /api/auth/sign-in HTTP/1.1\" 200 114 \"-\" \"PostmanRuntime/7.46.1\"","service":"acquisitions-api","timestamp":"2025-09-17T15:06:20.236Z"}
{"level":"info","message":"User signed out successfully","service":"acquisitions-api","timestamp":"2025-09-17T15:21:49.864Z"}
{"level":"info","message":"::1 - - [17/Sep/2025:15:21:49 +0000] \"POST /api/auth/sign-out HTTP/1.1\" 200 42 \"-\" \"PostmanRuntime/7.46.1\"","service":"acquisitions-api","timestamp":"2025-09-17T15:21:49.872Z"}
{"level":"info","message":"User signed out successfully","service":"acquisitions-api","timestamp":"2025-09-17T15:23:17.677Z"}
{"level":"info","message":"::1 - - [17/Sep/2025:15:23:17 +0000] \"POST /api/auth/sign-out HTTP/1.1\" 200 42 \"-\" \"PostmanRuntime/7.46.1\"","service":"acquisitions-api","timestamp":"2025-09-17T15:23:17.679Z"}
{"level":"info","message":"::1 - - [18/Sep/2025:10:19:52 +0000] \"GET /health HTTP/1.1\" 200 75 \"-\" \"-\"","service":"acquisitions-api","timestamp":"2025-09-18T10:19:52.678Z"}
{"level":"info","message":"::1 - - [18/Sep/2025:10:20:22 +0000] \"GET /health HTTP/1.1\" 200 76 \"-\" \"-\"","service":"acquisitions-api","timestamp":"2025-09-18T10:20:22.856Z"}
{"level":"info","message":"::1 - - [18/Sep/2025:10:20:53 +0000] \"GET /health HTTP/1.1\" 200 76 \"-\" \"-\"","service":"acquisitions-api","timestamp":"2025-09-18T10:20:53.052Z"}
{"level":"info","message":"::1 - - [18/Sep/2025:10:21:23 +0000] \"GET /health HTTP/1.1\" 200 76 \"-\" \"-\"","service":"acquisitions-api","timestamp":"2025-09-18T10:21:23.217Z"}
{"level":"info","message":"::1 - - [18/Sep/2025:10:21:53 +0000] \"GET /health HTTP/1.1\" 200 77 \"-\" \"-\"","service":"acquisitions-api","timestamp":"2025-09-18T10:21:53.362Z"}
{"level":"info","message":"::1 - - [18/Sep/2025:10:22:23 +0000] \"GET /health HTTP/1.1\" 200 77 \"-\" \"-\"","service":"acquisitions-api","timestamp":"2025-09-18T10:22:23.546Z"}
{"level":"info","message":"::1 - - [18/Sep/2025:10:22:53 +0000] \"GET /health HTTP/1.1\" 200 77 \"-\" \"-\"","service":"acquisitions-api","timestamp":"2025-09-18T10:22:53.713Z"}
{"level":"info","message":"::1 - - [18/Sep/2025:10:23:23 +0000] \"GET /health HTTP/1.1\" 200 77 \"-\" \"-\"","service":"acquisitions-api","timestamp":"2025-09-18T10:23:23.872Z"}
{"level":"info","message":"::1 - - [18/Sep/2025:10:23:54 +0000] \"GET /health HTTP/1.1\" 200 77 \"-\" \"-\"","service":"acquisitions-api","timestamp":"2025-09-18T10:23:54.026Z"}
{"level":"info","message":"Hello from Acquisitions!","service":"acquisitions-api","timestamp":"2025-09-18T10:24:01.493Z"}
{"level":"info","message":"::ffff:192.168.65.1 - - [18/Sep/2025:10:24:01 +0000] \"GET / HTTP/1.1\" 304 - \"-\" \"Mozilla/5.0 (Macintosh; Intel Mac OS X 10_15_7) AppleWebKit/537.36 (KHTML, like Gecko) Chrome/140.0.0.0 Safari/537.36\"","service":"acquisitions-api","timestamp":"2025-09-18T10:24:01.505Z"}
{"level":"info","message":"::ffff:192.168.65.1 - - [18/Sep/2025:10:24:08 +0000] \"GET /health HTTP/1.1\" 200 77 \"-\" \"Mozilla/5.0 (Macintosh; Intel Mac OS X 10_15_7) AppleWebKit/537.36 (KHTML, like Gecko) Chrome/140.0.0.0 Safari/537.36\"","service":"acquisitions-api","timestamp":"2025-09-18T10:24:08.959Z"}
{"level":"info","message":"::1 - - [18/Sep/2025:10:24:24 +0000] \"GET /health HTTP/1.1\" 200 77 \"-\" \"-\"","service":"acquisitions-api","timestamp":"2025-09-18T10:24:24.207Z"}
{"level":"info","message":"User signed in successfully: admin@example.pro","service":"acquisitions-api","timestamp":"2025-09-18T10:24:38.884Z"}
{"level":"info","message":"::ffff:192.168.65.1 - - [18/Sep/2025:10:24:38 +0000] \"POST /api/auth/sign-in HTTP/1.1\" 200 114 \"-\" \"PostmanRuntime/7.46.1\"","service":"acquisitions-api","timestamp":"2025-09-18T10:24:38.885Z"}
{"level":"info","message":"::1 - - [18/Sep/2025:10:24:54 +0000] \"GET /health HTTP/1.1\" 200 77 \"-\" \"-\"","service":"acquisitions-api","timestamp":"2025-09-18T10:24:54.368Z"}
{"level":"info","message":"::1 - - [18/Sep/2025:10:25:24 +0000] \"GET /health HTTP/1.1\" 200 77 \"-\" \"-\"","service":"acquisitions-api","timestamp":"2025-09-18T10:25:24.559Z"}
{"level":"info","message":"::1 - - [18/Sep/2025:10:25:54 +0000] \"GET /health HTTP/1.1\" 200 77 \"-\" \"-\"","service":"acquisitions-api","timestamp":"2025-09-18T10:25:54.710Z"}
{"level":"info","message":"::1 - - [18/Sep/2025:10:26:24 +0000] \"GET /health HTTP/1.1\" 200 77 \"-\" \"-\"","service":"acquisitions-api","timestamp":"2025-09-18T10:26:24.895Z"}
{"level":"info","message":"::1 - - [18/Sep/2025:10:26:55 +0000] \"GET /health HTTP/1.1\" 200 77 \"-\" \"-\"","service":"acquisitions-api","timestamp":"2025-09-18T10:26:55.046Z"}
{"level":"info","message":"::1 - - [18/Sep/2025:10:27:25 +0000] \"GET /health HTTP/1.1\" 200 77 \"-\" \"-\"","service":"acquisitions-api","timestamp":"2025-09-18T10:27:25.349Z"}
{"level":"info","message":"::1 - - [18/Sep/2025:10:27:55 +0000] \"GET /health HTTP/1.1\" 200 77 \"-\" \"-\"","service":"acquisitions-api","timestamp":"2025-09-18T10:27:55.570Z"}
{"level":"info","message":"::1 - - [18/Sep/2025:10:28:25 +0000] \"GET /health HTTP/1.1\" 200 77 \"-\" \"-\"","service":"acquisitions-api","timestamp":"2025-09-18T10:28:25.761Z"}
{"level":"info","message":"::1 - - [18/Sep/2025:10:28:55 +0000] \"GET /health HTTP/1.1\" 200 77 \"-\" \"-\"","service":"acquisitions-api","timestamp":"2025-09-18T10:28:55.936Z"}
{"level":"info","message":"::1 - - [18/Sep/2025:10:29:26 +0000] \"GET /health HTTP/1.1\" 200 77 \"-\" \"-\"","service":"acquisitions-api","timestamp":"2025-09-18T10:29:26.091Z"}
{"level":"info","message":"::1 - - [18/Sep/2025:10:29:56 +0000] \"GET /health HTTP/1.1\" 200 77 \"-\" \"-\"","service":"acquisitions-api","timestamp":"2025-09-18T10:29:56.246Z"}
{"level":"info","message":"::1 - - [18/Sep/2025:10:30:26 +0000] \"GET /health HTTP/1.1\" 200 76 \"-\" \"-\"","service":"acquisitions-api","timestamp":"2025-09-18T10:30:26.401Z"}
{"level":"info","message":"::1 - - [18/Sep/2025:10:30:56 +0000] \"GET /health HTTP/1.1\" 200 77 \"-\" \"-\"","service":"acquisitions-api","timestamp":"2025-09-18T10:30:56.569Z"}
{"level":"info","message":"::1 - - [18/Sep/2025:10:31:26 +0000] \"GET /health HTTP/1.1\" 200 77 \"-\" \"-\"","service":"acquisitions-api","timestamp":"2025-09-18T10:31:26.744Z"}
{"level":"info","message":"::1 - - [18/Sep/2025:10:31:56 +0000] \"GET /health HTTP/1.1\" 200 77 \"-\" \"-\"","service":"acquisitions-api","timestamp":"2025-09-18T10:31:56.897Z"}
{"level":"info","message":"::1 - - [18/Sep/2025:10:32:27 +0000] \"GET /health HTTP/1.1\" 200 76 \"-\" \"-\"","service":"acquisitions-api","timestamp":"2025-09-18T10:32:27.055Z"}
{"level":"info","message":"::1 - - [18/Sep/2025:10:32:57 +0000] \"GET /health HTTP/1.1\" 200 77 \"-\" \"-\"","service":"acquisitions-api","timestamp":"2025-09-18T10:32:57.206Z"}
{"level":"info","message":"::1 - - [18/Sep/2025:10:33:27 +0000] \"GET /health HTTP/1.1\" 200 77 \"-\" \"-\"","service":"acquisitions-api","timestamp":"2025-09-18T10:33:27.327Z"}
{"level":"info","message":"::1 - - [18/Sep/2025:10:33:57 +0000] \"GET /health HTTP/1.1\" 200 77 \"-\" \"-\"","service":"acquisitions-api","timestamp":"2025-09-18T10:33:57.517Z"}
{"level":"info","message":"::1 - - [18/Sep/2025:10:34:27 +0000] \"GET /health HTTP/1.1\" 200 77 \"-\" \"-\"","service":"acquisitions-api","timestamp":"2025-09-18T10:34:27.679Z"}
{"level":"info","message":"::1 - - [18/Sep/2025:10:34:57 +0000] \"GET /health HTTP/1.1\" 200 77 \"-\" \"-\"","service":"acquisitions-api","timestamp":"2025-09-18T10:34:57.871Z"}
{"level":"info","message":"::1 - - [18/Sep/2025:10:35:28 +0000] \"GET /health HTTP/1.1\" 200 77 \"-\" \"-\"","service":"acquisitions-api","timestamp":"2025-09-18T10:35:28.042Z"}
{"level":"info","message":"::1 - - [18/Sep/2025:10:35:58 +0000] \"GET /health HTTP/1.1\" 200 77 \"-\" \"-\"","service":"acquisitions-api","timestamp":"2025-09-18T10:35:58.208Z"}
{"level":"info","message":"::1 - - [18/Sep/2025:10:36:28 +0000] \"GET /health HTTP/1.1\" 200 78 \"-\" \"-\"","service":"acquisitions-api","timestamp":"2025-09-18T10:36:28.362Z"}
{"level":"info","message":"::1 - - [18/Sep/2025:10:36:58 +0000] \"GET /health HTTP/1.1\" 200 78 \"-\" \"-\"","service":"acquisitions-api","timestamp":"2025-09-18T10:36:58.576Z"}
{"level":"info","message":"::1 - - [18/Sep/2025:10:37:28 +0000] \"GET /health HTTP/1.1\" 200 78 \"-\" \"-\"","service":"acquisitions-api","timestamp":"2025-09-18T10:37:28.759Z"}
{"level":"info","message":"::1 - - [18/Sep/2025:10:37:58 +0000] \"GET /health HTTP/1.1\" 200 78 \"-\" \"-\"","service":"acquisitions-api","timestamp":"2025-09-18T10:37:58.928Z"}
{"level":"info","message":"::1 - - [18/Sep/2025:10:38:29 +0000] \"GET /health HTTP/1.1\" 200 78 \"-\" \"-\"","service":"acquisitions-api","timestamp":"2025-09-18T10:38:29.275Z"}
{"level":"info","message":"::1 - - [18/Sep/2025:10:38:59 +0000] \"GET /health HTTP/1.1\" 200 78 \"-\" \"-\"","service":"acquisitions-api","timestamp":"2025-09-18T10:38:59.595Z"}
{"level":"info","message":"::1 - - [18/Sep/2025:10:39:29 +0000] \"GET /health HTTP/1.1\" 200 78 \"-\" \"-\"","service":"acquisitions-api","timestamp":"2025-09-18T10:39:29.789Z"}
{"level":"info","message":"::1 - - [18/Sep/2025:10:40:00 +0000] \"GET /health HTTP/1.1\" 200 78 \"-\" \"-\"","service":"acquisitions-api","timestamp":"2025-09-18T10:40:00.020Z"}
{"level":"info","message":"::1 - - [18/Sep/2025:10:40:30 +0000] \"GET /health HTTP/1.1\" 200 77 \"-\" \"-\"","service":"acquisitions-api","timestamp":"2025-09-18T10:40:30.227Z"}
{"level":"info","message":"::1 - - [18/Sep/2025:10:41:00 +0000] \"GET /health HTTP/1.1\" 200 78 \"-\" \"-\"","service":"acquisitions-api","timestamp":"2025-09-18T10:41:00.425Z"}
{"level":"info","message":"::1 - - [18/Sep/2025:10:41:30 +0000] \"GET /health HTTP/1.1\" 200 78 \"-\" \"-\"","service":"acquisitions-api","timestamp":"2025-09-18T10:41:30.700Z"}
{"level":"info","message":"::1 - - [18/Sep/2025:10:42:00 +0000] \"GET /health HTTP/1.1\" 200 77 \"-\" \"-\"","service":"acquisitions-api","timestamp":"2025-09-18T10:42:00.906Z"}
{"level":"info","message":"::1 - - [18/Sep/2025:10:42:31 +0000] \"GET /health HTTP/1.1\" 200 78 \"-\" \"-\"","service":"acquisitions-api","timestamp":"2025-09-18T10:42:31.107Z"}
{"level":"info","message":"::1 - - [18/Sep/2025:10:43:01 +0000] \"GET /health HTTP/1.1\" 200 78 \"-\" \"-\"","service":"acquisitions-api","timestamp":"2025-09-18T10:43:01.298Z"}
{"level":"info","message":"::1 - - [18/Sep/2025:10:43:31 +0000] \"GET /health HTTP/1.1\" 200 78 \"-\" \"-\"","service":"acquisitions-api","timestamp":"2025-09-18T10:43:31.480Z"}
{"level":"info","message":"::1 - - [18/Sep/2025:10:44:01 +0000] \"GET /health HTTP/1.1\" 200 77 \"-\" \"-\"","service":"acquisitions-api","timestamp":"2025-09-18T10:44:01.677Z"}
{"level":"info","message":"::1 - - [18/Sep/2025:10:44:31 +0000] \"GET /health HTTP/1.1\" 200 78 \"-\" \"-\"","service":"acquisitions-api","timestamp":"2025-09-18T10:44:31.868Z"}
{"level":"info","message":"::1 - - [18/Sep/2025:10:45:02 +0000] \"GET /health HTTP/1.1\" 200 78 \"-\" \"-\"","service":"acquisitions-api","timestamp":"2025-09-18T10:45:02.085Z"}
{"level":"info","message":"::1 - - [18/Sep/2025:10:45:32 +0000] \"GET /health HTTP/1.1\" 200 78 \"-\" \"-\"","service":"acquisitions-api","timestamp":"2025-09-18T10:45:32.278Z"}
{"level":"info","message":"::1 - - [18/Sep/2025:10:46:02 +0000] \"GET /health HTTP/1.1\" 200 78 \"-\" \"-\"","service":"acquisitions-api","timestamp":"2025-09-18T10:46:02.467Z"}
{"level":"info","message":"::1 - - [18/Sep/2025:10:46:32 +0000] \"GET /health HTTP/1.1\" 200 77 \"-\" \"-\"","service":"acquisitions-api","timestamp":"2025-09-18T10:46:32.746Z"}
{"level":"info","message":"::1 - - [18/Sep/2025:10:47:02 +0000] \"GET /health HTTP/1.1\" 200 77 \"-\" \"-\"","service":"acquisitions-api","timestamp":"2025-09-18T10:47:02.923Z"}
{"level":"info","message":"::1 - - [18/Sep/2025:10:47:33 +0000] \"GET /health HTTP/1.1\" 200 78 \"-\" \"-\"","service":"acquisitions-api","timestamp":"2025-09-18T10:47:33.099Z"}
{"level":"info","message":"::1 - - [18/Sep/2025:10:48:03 +0000] \"GET /health HTTP/1.1\" 200 78 \"-\" \"-\"","service":"acquisitions-api","timestamp":"2025-09-18T10:48:03.273Z"}
{"level":"info","message":"::1 - - [18/Sep/2025:10:48:33 +0000] \"GET /health HTTP/1.1\" 200 78 \"-\" \"-\"","service":"acquisitions-api","timestamp":"2025-09-18T10:48:33.445Z"}
{"level":"info","message":"::1 - - [18/Sep/2025:10:49:03 +0000] \"GET /health HTTP/1.1\" 200 78 \"-\" \"-\"","service":"acquisitions-api","timestamp":"2025-09-18T10:49:03.632Z"}
{"level":"info","message":"::1 - - [18/Sep/2025:10:49:33 +0000] \"GET /health HTTP/1.1\" 200 78 \"-\" \"-\"","service":"acquisitions-api","timestamp":"2025-09-18T10:49:33.825Z"}
{"level":"info","message":"::1 - - [18/Sep/2025:10:50:04 +0000] \"GET /health HTTP/1.1\" 200 78 \"-\" \"-\"","service":"acquisitions-api","timestamp":"2025-09-18T10:50:04.010Z"}
{"level":"info","message":"::1 - - [18/Sep/2025:10:50:34 +0000] \"GET /health HTTP/1.1\" 200 78 \"-\" \"-\"","service":"acquisitions-api","timestamp":"2025-09-18T10:50:34.214Z"}
{"level":"info","message":"::1 - - [18/Sep/2025:10:51:04 +0000] \"GET /health HTTP/1.1\" 200 78 \"-\" \"-\"","service":"acquisitions-api","timestamp":"2025-09-18T10:51:04.420Z"}
{"level":"info","message":"::1 - - [18/Sep/2025:10:51:34 +0000] \"GET /health HTTP/1.1\" 200 78 \"-\" \"-\"","service":"acquisitions-api","timestamp":"2025-09-18T10:51:34.624Z"}
{"level":"info","message":"::1 - - [18/Sep/2025:10:52:04 +0000] \"GET /health HTTP/1.1\" 200 78 \"-\" \"-\"","service":"acquisitions-api","timestamp":"2025-09-18T10:52:04.831Z"}
{"level":"info","message":"::1 - - [18/Sep/2025:10:52:35 +0000] \"GET /health HTTP/1.1\" 200 78 \"-\" \"-\"","service":"acquisitions-api","timestamp":"2025-09-18T10:52:35.029Z"}
{"level":"info","message":"::1 - - [18/Sep/2025:10:53:05 +0000] \"GET /health HTTP/1.1\" 200 78 \"-\" \"-\"","service":"acquisitions-api","timestamp":"2025-09-18T10:53:05.211Z"}
{"level":"info","message":"::1 - - [18/Sep/2025:10:53:35 +0000] \"GET /health HTTP/1.1\" 200 78 \"-\" \"-\"","service":"acquisitions-api","timestamp":"2025-09-18T10:53:35.739Z"}
{"level":"info","message":"::1 - - [18/Sep/2025:10:54:05 +0000] \"GET /health HTTP/1.1\" 200 78 \"-\" \"-\"","service":"acquisitions-api","timestamp":"2025-09-18T10:54:05.948Z"}
{"level":"info","message":"::1 - - [18/Sep/2025:10:54:36 +0000] \"GET /health HTTP/1.1\" 200 78 \"-\" \"-\"","service":"acquisitions-api","timestamp":"2025-09-18T10:54:36.161Z"}
{"level":"info","message":"::1 - - [18/Sep/2025:10:55:06 +0000] \"GET /health HTTP/1.1\" 200 78 \"-\" \"-\"","service":"acquisitions-api","timestamp":"2025-09-18T10:55:06.335Z"}
{"level":"info","message":"::1 - - [18/Sep/2025:10:55:36 +0000] \"GET /health HTTP/1.1\" 200 78 \"-\" \"-\"","service":"acquisitions-api","timestamp":"2025-09-18T10:55:36.483Z"}
{"level":"info","message":"::1 - - [18/Sep/2025:10:56:06 +0000] \"GET /health HTTP/1.1\" 200 78 \"-\" \"-\"","service":"acquisitions-api","timestamp":"2025-09-18T10:56:06.685Z"}
{"level":"info","message":"::1 - - [18/Sep/2025:10:56:36 +0000] \"GET /health HTTP/1.1\" 200 78 \"-\" \"-\"","service":"acquisitions-api","timestamp":"2025-09-18T10:56:36.879Z"}
{"level":"info","message":"::1 - - [18/Sep/2025:10:57:07 +0000] \"GET /health HTTP/1.1\" 200 78 \"-\" \"-\"","service":"acquisitions-api","timestamp":"2025-09-18T10:57:07.055Z"}
{"level":"info","message":"::1 - - [18/Sep/2025:10:57:37 +0000] \"GET /health HTTP/1.1\" 200 78 \"-\" \"-\"","service":"acquisitions-api","timestamp":"2025-09-18T10:57:37.254Z"}
{"level":"info","message":"::1 - - [18/Sep/2025:10:58:07 +0000] \"GET /health HTTP/1.1\" 200 78 \"-\" \"-\"","service":"acquisitions-api","timestamp":"2025-09-18T10:58:07.421Z"}
{"level":"info","message":"::1 - - [18/Sep/2025:10:58:37 +0000] \"GET /health HTTP/1.1\" 200 78 \"-\" \"-\"","service":"acquisitions-api","timestamp":"2025-09-18T10:58:37.619Z"}
{"level":"info","message":"::1 - - [18/Sep/2025:10:59:07 +0000] \"GET /health HTTP/1.1\" 200 78 \"-\" \"-\"","service":"acquisitions-api","timestamp":"2025-09-18T10:59:07.847Z"}
{"level":"info","message":"::1 - - [18/Sep/2025:10:59:38 +0000] \"GET /health HTTP/1.1\" 200 78 \"-\" \"-\"","service":"acquisitions-api","timestamp":"2025-09-18T10:59:38.012Z"}
{"level":"info","message":"::1 - - [18/Sep/2025:11:00:08 +0000] \"GET /health HTTP/1.1\" 200 77 \"-\" \"-\"","service":"acquisitions-api","timestamp":"2025-09-18T11:00:08.168Z"}
{"level":"info","message":"::1 - - [18/Sep/2025:11:00:38 +0000] \"GET /health HTTP/1.1\" 200 78 \"-\" \"-\"","service":"acquisitions-api","timestamp":"2025-09-18T11:00:38.370Z"}
{"level":"info","message":"::1 - - [18/Sep/2025:11:01:08 +0000] \"GET /health HTTP/1.1\" 200 77 \"-\" \"-\"","service":"acquisitions-api","timestamp":"2025-09-18T11:01:08.582Z"}
{"level":"info","message":"::1 - - [18/Sep/2025:11:01:38 +0000] \"GET /health HTTP/1.1\" 200 78 \"-\" \"-\"","service":"acquisitions-api","timestamp":"2025-09-18T11:01:38.791Z"}
{"level":"info","message":"::1 - - [18/Sep/2025:11:02:08 +0000] \"GET /health HTTP/1.1\" 200 78 \"-\" \"-\"","service":"acquisitions-api","timestamp":"2025-09-18T11:02:08.984Z"}
{"level":"info","message":"::1 - - [18/Sep/2025:11:02:39 +0000] \"GET /health HTTP/1.1\" 200 78 \"-\" \"-\"","service":"acquisitions-api","timestamp":"2025-09-18T11:02:39.149Z"}
{"level":"info","message":"::1 - - [18/Sep/2025:11:03:09 +0000] \"GET /health HTTP/1.1\" 200 78 \"-\" \"-\"","service":"acquisitions-api","timestamp":"2025-09-18T11:03:09.361Z"}
{"level":"info","message":"::1 - - [18/Sep/2025:11:03:39 +0000] \"GET /health HTTP/1.1\" 200 78 \"-\" \"-\"","service":"acquisitions-api","timestamp":"2025-09-18T11:03:39.538Z"}
{"level":"info","message":"::1 - - [18/Sep/2025:11:04:09 +0000] \"GET /health HTTP/1.1\" 200 78 \"-\" \"-\"","service":"acquisitions-api","timestamp":"2025-09-18T11:04:09.700Z"}
{"level":"info","message":"::1 - - [18/Sep/2025:11:04:39 +0000] \"GET /health HTTP/1.1\" 200 78 \"-\" \"-\"","service":"acquisitions-api","timestamp":"2025-09-18T11:04:39.875Z"}
{"level":"info","message":"::1 - - [18/Sep/2025:11:05:10 +0000] \"GET /health HTTP/1.1\" 200 78 \"-\" \"-\"","service":"acquisitions-api","timestamp":"2025-09-18T11:05:10.064Z"}
{"level":"info","message":"::1 - - [18/Sep/2025:11:05:40 +0000] \"GET /health HTTP/1.1\" 200 78 \"-\" \"-\"","service":"acquisitions-api","timestamp":"2025-09-18T11:05:40.154Z"}
{"level":"info","message":"::1 - - [18/Sep/2025:11:06:10 +0000] \"GET /health HTTP/1.1\" 200 78 \"-\" \"-\"","service":"acquisitions-api","timestamp":"2025-09-18T11:06:10.315Z"}
{"level":"info","message":"::1 - - [18/Sep/2025:11:06:40 +0000] \"GET /health HTTP/1.1\" 200 78 \"-\" \"-\"","service":"acquisitions-api","timestamp":"2025-09-18T11:06:40.467Z"}
{"level":"info","message":"::1 - - [18/Sep/2025:11:07:10 +0000] \"GET /health HTTP/1.1\" 200 78 \"-\" \"-\"","service":"acquisitions-api","timestamp":"2025-09-18T11:07:10.653Z"}
{"level":"info","message":"::1 - - [18/Sep/2025:11:07:40 +0000] \"GET /health HTTP/1.1\" 200 78 \"-\" \"-\"","service":"acquisitions-api","timestamp":"2025-09-18T11:07:40.818Z"}
{"level":"info","message":"::1 - - [18/Sep/2025:11:08:10 +0000] \"GET /health HTTP/1.1\" 200 78 \"-\" \"-\"","service":"acquisitions-api","timestamp":"2025-09-18T11:08:10.969Z"}
{"level":"info","message":"::1 - - [18/Sep/2025:11:08:41 +0000] \"GET /health HTTP/1.1\" 200 78 \"-\" \"-\"","service":"acquisitions-api","timestamp":"2025-09-18T11:08:41.134Z"}
{"level":"info","message":"::1 - - [18/Sep/2025:11:09:11 +0000] \"GET /health HTTP/1.1\" 200 78 \"-\" \"-\"","service":"acquisitions-api","timestamp":"2025-09-18T11:09:11.294Z"}
{"level":"info","message":"::1 - - [18/Sep/2025:11:09:41 +0000] \"GET /health HTTP/1.1\" 200 78 \"-\" \"-\"","service":"acquisitions-api","timestamp":"2025-09-18T11:09:41.459Z"}
{"level":"info","message":"::1 - - [18/Sep/2025:11:10:11 +0000] \"GET /health HTTP/1.1\" 200 78 \"-\" \"-\"","service":"acquisitions-api","timestamp":"2025-09-18T11:10:11.628Z"}
{"level":"info","message":"::1 - - [18/Sep/2025:11:10:41 +0000] \"GET /health HTTP/1.1\" 200 78 \"-\" \"-\"","service":"acquisitions-api","timestamp":"2025-09-18T11:10:41.780Z"}
{"level":"info","message":"::1 - - [18/Sep/2025:11:11:11 +0000] \"GET /health HTTP/1.1\" 200 78 \"-\" \"-\"","service":"acquisitions-api","timestamp":"2025-09-18T11:11:11.933Z"}
{"level":"info","message":"::1 - - [18/Sep/2025:11:11:42 +0000] \"GET /health HTTP/1.1\" 200 78 \"-\" \"-\"","service":"acquisitions-api","timestamp":"2025-09-18T11:11:42.078Z"}
{"level":"info","message":"::1 - - [18/Sep/2025:11:12:12 +0000] \"GET /health HTTP/1.1\" 200 78 \"-\" \"-\"","service":"acquisitions-api","timestamp":"2025-09-18T11:12:12.276Z"}
{"level":"info","message":"::1 - - [18/Sep/2025:11:12:42 +0000] \"GET /health HTTP/1.1\" 200 78 \"-\" \"-\"","service":"acquisitions-api","timestamp":"2025-09-18T11:12:42.456Z"}
{"level":"info","message":"::1 - - [18/Sep/2025:11:13:12 +0000] \"GET /health HTTP/1.1\" 200 78 \"-\" \"-\"","service":"acquisitions-api","timestamp":"2025-09-18T11:13:12.652Z"}
{"level":"info","message":"::1 - - [18/Sep/2025:11:13:42 +0000] \"GET /health HTTP/1.1\" 200 78 \"-\" \"-\"","service":"acquisitions-api","timestamp":"2025-09-18T11:13:42.867Z"}
{"level":"info","message":"::1 - - [18/Sep/2025:11:14:13 +0000] \"GET /health HTTP/1.1\" 200 78 \"-\" \"-\"","service":"acquisitions-api","timestamp":"2025-09-18T11:14:13.025Z"}
{"level":"info","message":"::1 - - [18/Sep/2025:11:14:43 +0000] \"GET /health HTTP/1.1\" 200 78 \"-\" \"-\"","service":"acquisitions-api","timestamp":"2025-09-18T11:14:43.234Z"}
{"level":"info","message":"::1 - - [18/Sep/2025:11:15:13 +0000] \"GET /health HTTP/1.1\" 200 78 \"-\" \"-\"","service":"acquisitions-api","timestamp":"2025-09-18T11:15:13.394Z"}
{"level":"info","message":"::1 - - [18/Sep/2025:11:15:43 +0000] \"GET /health HTTP/1.1\" 200 78 \"-\" \"-\"","service":"acquisitions-api","timestamp":"2025-09-18T11:15:43.548Z"}
{"level":"info","message":"::1 - - [18/Sep/2025:11:16:13 +0000] \"GET /health HTTP/1.1\" 200 78 \"-\" \"-\"","service":"acquisitions-api","timestamp":"2025-09-18T11:16:13.724Z"}
{"level":"info","message":"::1 - - [18/Sep/2025:11:16:43 +0000] \"GET /health HTTP/1.1\" 200 78 \"-\" \"-\"","service":"acquisitions-api","timestamp":"2025-09-18T11:16:43.887Z"}
{"level":"info","message":"::1 - - [18/Sep/2025:11:17:14 +0000] \"GET /health HTTP/1.1\" 200 78 \"-\" \"-\"","service":"acquisitions-api","timestamp":"2025-09-18T11:17:14.054Z"}
{"level":"info","message":"::1 - - [18/Sep/2025:11:17:44 +0000] \"GET /health HTTP/1.1\" 200 77 \"-\" \"-\"","service":"acquisitions-api","timestamp":"2025-09-18T11:17:44.215Z"}
{"level":"info","message":"::1 - - [18/Sep/2025:11:18:14 +0000] \"GET /health HTTP/1.1\" 200 78 \"-\" \"-\"","service":"acquisitions-api","timestamp":"2025-09-18T11:18:14.366Z"}
{"level":"info","message":"::1 - - [18/Sep/2025:11:18:44 +0000] \"GET /health HTTP/1.1\" 200 78 \"-\" \"-\"","service":"acquisitions-api","timestamp":"2025-09-18T11:18:44.537Z"}
{"level":"info","message":"::1 - - [18/Sep/2025:11:19:14 +0000] \"GET /health HTTP/1.1\" 200 78 \"-\" \"-\"","service":"acquisitions-api","timestamp":"2025-09-18T11:19:14.702Z"}
{"level":"info","message":"::1 - - [18/Sep/2025:11:19:44 +0000] \"GET /health HTTP/1.1\" 200 78 \"-\" \"-\"","service":"acquisitions-api","timestamp":"2025-09-18T11:19:44.893Z"}
{"level":"info","message":"::1 - - [18/Sep/2025:11:20:15 +0000] \"GET /health HTTP/1.1\" 200 78 \"-\" \"-\"","service":"acquisitions-api","timestamp":"2025-09-18T11:20:15.069Z"}
{"level":"info","message":"::1 - - [18/Sep/2025:11:20:45 +0000] \"GET /health HTTP/1.1\" 200 78 \"-\" \"-\"","service":"acquisitions-api","timestamp":"2025-09-18T11:20:45.232Z"}
{"level":"info","message":"::1 - - [18/Sep/2025:11:21:15 +0000] \"GET /health HTTP/1.1\" 200 78 \"-\" \"-\"","service":"acquisitions-api","timestamp":"2025-09-18T11:21:15.384Z"}
{"level":"info","message":"::1 - - [18/Sep/2025:11:21:45 +0000] \"GET /health HTTP/1.1\" 200 78 \"-\" \"-\"","service":"acquisitions-api","timestamp":"2025-09-18T11:21:45.535Z"}
{"level":"info","message":"::1 - - [18/Sep/2025:11:22:15 +0000] \"GET /health HTTP/1.1\" 200 78 \"-\" \"-\"","service":"acquisitions-api","timestamp":"2025-09-18T11:22:15.699Z"}
{"level":"info","message":"::1 - - [18/Sep/2025:11:22:45 +0000] \"GET /health HTTP/1.1\" 200 78 \"-\" \"-\"","service":"acquisitions-api","timestamp":"2025-09-18T11:22:45.885Z"}
{"level":"info","message":"::1 - - [18/Sep/2025:11:23:16 +0000] \"GET /health HTTP/1.1\" 200 78 \"-\" \"-\"","service":"acquisitions-api","timestamp":"2025-09-18T11:23:16.107Z"}
{"level":"info","message":"::1 - - [18/Sep/2025:11:23:46 +0000] \"GET /health HTTP/1.1\" 200 78 \"-\" \"-\"","service":"acquisitions-api","timestamp":"2025-09-18T11:23:46.293Z"}
{"level":"info","message":"::1 - - [18/Sep/2025:11:24:16 +0000] \"GET /health HTTP/1.1\" 200 78 \"-\" \"-\"","service":"acquisitions-api","timestamp":"2025-09-18T11:24:16.446Z"}
{"level":"info","message":"::1 - - [18/Sep/2025:11:24:46 +0000] \"GET /health HTTP/1.1\" 200 78 \"-\" \"-\"","service":"acquisitions-api","timestamp":"2025-09-18T11:24:46.643Z"}
{"level":"info","message":"::1 - - [18/Sep/2025:11:25:16 +0000] \"GET /health HTTP/1.1\" 200 78 \"-\" \"-\"","service":"acquisitions-api","timestamp":"2025-09-18T11:25:16.792Z"}
{"level":"info","message":"::1 - - [18/Sep/2025:11:25:47 +0000] \"GET /health HTTP/1.1\" 200 78 \"-\" \"-\"","service":"acquisitions-api","timestamp":"2025-09-18T11:25:47.000Z"}
{"level":"info","message":"::1 - - [18/Sep/2025:11:26:17 +0000] \"GET /health HTTP/1.1\" 200 78 \"-\" \"-\"","service":"acquisitions-api","timestamp":"2025-09-18T11:26:17.180Z"}
{"level":"info","message":"::1 - - [18/Sep/2025:11:26:47 +0000] \"GET /health HTTP/1.1\" 200 78 \"-\" \"-\"","service":"acquisitions-api","timestamp":"2025-09-18T11:26:47.347Z"}
{"level":"info","message":"::1 - - [18/Sep/2025:11:27:17 +0000] \"GET /health HTTP/1.1\" 200 78 \"-\" \"-\"","service":"acquisitions-api","timestamp":"2025-09-18T11:27:17.535Z"}
{"level":"info","message":"::1 - - [18/Sep/2025:11:27:47 +0000] \"GET /health HTTP/1.1\" 200 78 \"-\" \"-\"","service":"acquisitions-api","timestamp":"2025-09-18T11:27:47.722Z"}
{"level":"info","message":"::1 - - [18/Sep/2025:11:28:17 +0000] \"GET /health HTTP/1.1\" 200 78 \"-\" \"-\"","service":"acquisitions-api","timestamp":"2025-09-18T11:28:17.950Z"}
{"level":"info","message":"::1 - - [18/Sep/2025:11:30:49 +0000] \"GET /health HTTP/1.1\" 200 76 \"-\" \"-\"","service":"acquisitions-api","timestamp":"2025-09-18T11:30:49.649Z"}
{"level":"info","message":"User created with email: user@example.pro","service":"acquisitions-api","timestamp":"2025-09-18T11:30:57.896Z"}
{"level":"info","message":"User registered successfully: user@example.pro","service":"acquisitions-api","timestamp":"2025-09-18T11:30:57.905Z"}
{"level":"info","message":"::ffff:192.168.65.1 - - [18/Sep/2025:11:30:57 +0000] \"POST /api/auth/sign-up HTTP/1.1\" 201 113 \"-\" \"PostmanRuntime/7.46.1\"","service":"acquisitions-api","timestamp":"2025-09-18T11:30:57.917Z"}
{"level":"info","message":"::1 - - [18/Sep/2025:11:31:19 +0000] \"GET /health HTTP/1.1\" 200 76 \"-\" \"-\"","service":"acquisitions-api","timestamp":"2025-09-18T11:31:19.870Z"}
{"level":"info","message":"::1 - - [18/Sep/2025:11:31:50 +0000] \"GET /health HTTP/1.1\" 200 76 \"-\" \"-\"","service":"acquisitions-api","timestamp":"2025-09-18T11:31:50.166Z"}
{"level":"info","message":"::1 - - [18/Sep/2025:11:32:20 +0000] \"GET /health HTTP/1.1\" 200 75 \"-\" \"-\"","service":"acquisitions-api","timestamp":"2025-09-18T11:32:20.388Z"}
{"level":"info","message":"::1 - - [18/Sep/2025:11:32:50 +0000] \"GET /health HTTP/1.1\" 200 76 \"-\" \"-\"","service":"acquisitions-api","timestamp":"2025-09-18T11:32:50.607Z"}
{"level":"info","message":"User signed in successfully: admin@example.pro","service":"acquisitions-api","timestamp":"2025-09-18T11:32:58.083Z"}
{"level":"info","message":"::ffff:192.168.65.1 - - [18/Sep/2025:11:32:58 +0000] \"POST /api/auth/sign-in HTTP/1.1\" 200 114 \"-\" \"PostmanRuntime/7.46.1\"","service":"acquisitions-api","timestamp":"2025-09-18T11:32:58.085Z"}
{"level":"info","message":"::1 - - [18/Sep/2025:11:33:20 +0000] \"GET /health HTTP/1.1\" 200 77 \"-\" \"-\"","service":"acquisitions-api","timestamp":"2025-09-18T11:33:20.837Z"}
{"level":"info","message":"::1 - - [18/Sep/2025:11:33:51 +0000] \"GET /health HTTP/1.1\" 200 77 \"-\" \"-\"","service":"acquisitions-api","timestamp":"2025-09-18T11:33:51.003Z"}
{"level":"info","message":"User signed in successfully: admin@example.pro","service":"acquisitions-api","timestamp":"2025-09-18T11:34:09.479Z"}
{"level":"info","message":"::ffff:192.168.65.1 - - [18/Sep/2025:11:34:09 +0000] \"POST /api/auth/sign-in HTTP/1.1\" 200 114 \"-\" \"PostmanRuntime/7.46.1\"","service":"acquisitions-api","timestamp":"2025-09-18T11:34:09.480Z"}
{"level":"info","message":"::1 - - [18/Sep/2025:11:35:05 +0000] \"GET /health HTTP/1.1\" 200 75 \"-\" \"-\"","service":"acquisitions-api","timestamp":"2025-09-18T11:35:05.579Z"}
{"level":"info","message":"User signed in successfully: admin@example.pro","service":"acquisitions-api","timestamp":"2025-09-18T11:35:11.510Z"}
{"level":"info","message":"::ffff:192.168.65.1 - - [18/Sep/2025:11:35:11 +0000] \"POST /api/auth/sign-in HTTP/1.1\" 200 114 \"-\" \"PostmanRuntime/7.46.1\"","service":"acquisitions-api","timestamp":"2025-09-18T11:35:11.514Z"}
{"level":"info","message":"User created with email: user1@example.pro","service":"acquisitions-api","timestamp":"2025-09-18T11:35:22.860Z"}
{"level":"info","message":"User registered successfully: user1@example.pro","service":"acquisitions-api","timestamp":"2025-09-18T11:35:22.863Z"}
{"level":"info","message":"::ffff:192.168.65.1 - - [18/Sep/2025:11:35:22 +0000] \"POST /api/auth/sign-up HTTP/1.1\" 201 115 \"-\" \"PostmanRuntime/7.46.1\"","service":"acquisitions-api","timestamp":"2025-09-18T11:35:22.866Z"}
{"level":"info","message":"::1 - - [18/Sep/2025:11:35:35 +0000] \"GET /health HTTP/1.1\" 200 76 \"-\" \"-\"","service":"acquisitions-api","timestamp":"2025-09-18T11:35:35.888Z"}
{"level":"info","message":"::1 - - [18/Sep/2025:11:36:06 +0000] \"GET /health HTTP/1.1\" 200 76 \"-\" \"-\"","service":"acquisitions-api","timestamp":"2025-09-18T11:36:06.055Z"}
{"level":"info","message":"::1 - - [18/Sep/2025:11:36:36 +0000] \"GET /health HTTP/1.1\" 200 76 \"-\" \"-\"","service":"acquisitions-api","timestamp":"2025-09-18T11:36:36.355Z"}
{"level":"info","message":"::1 - - [18/Sep/2025:11:37:06 +0000] \"GET /health HTTP/1.1\" 200 77 \"-\" \"-\"","service":"acquisitions-api","timestamp":"2025-09-18T11:37:06.549Z"}
{"level":"info","message":"::1 - - [18/Sep/2025:11:37:36 +0000] \"GET /health HTTP/1.1\" 200 77 \"-\" \"-\"","service":"acquisitions-api","timestamp":"2025-09-18T11:37:36.749Z"}
{"level":"info","message":"::1 - - [18/Sep/2025:11:38:06 +0000] \"GET /health HTTP/1.1\" 200 77 \"-\" \"-\"","service":"acquisitions-api","timestamp":"2025-09-18T11:38:06.941Z"}
{"level":"info","message":"::1 - - [18/Sep/2025:11:38:37 +0000] \"GET /health HTTP/1.1\" 200 77 \"-\" \"-\"","service":"acquisitions-api","timestamp":"2025-09-18T11:38:37.299Z"}
{"level":"info","message":"::1 - - [18/Sep/2025:11:39:07 +0000] \"GET /health HTTP/1.1\" 200 77 \"-\" \"-\"","service":"acquisitions-api","timestamp":"2025-09-18T11:39:07.474Z"}
